Added Member To Class: ClassName=Sheet1 Member=Component C1 100nF
Added Member To Class: ClassName=Sheet1 Member=Component C2 22pF
Added Member To Class: ClassName=Sheet1 Member=Component C3 22pF
Added Member To Class: ClassName=Sheet1 Member=Component C4 100nF
Added Member To Class: ClassName=Sheet1 Member=Component C5 10nF
Added Member To Class: ClassName=Sheet1 Member=Component C6 10nF
Added Member To Class: ClassName=Sheet1 Member=Component C7 16V   10uF
Added Member To Class: ClassName=Sheet1 Member=Component C8 22nF
Added Member To Class: ClassName=Sheet1 Member=Component C9 100nF
Added Member To Class: ClassName=Sheet1 Member=Component D1 1N5819
Added Member To Class: ClassName=Sheet1 Member=Component D2 5VŒ»—ππ‹
Added Member To Class: ClassName=Sheet1 Member=Component F1 350mA
Added Member To Class: ClassName=Sheet1 Member=Component FB1 0R
Added Member To Class: ClassName=Sheet1 Member=Component FB2 0R
Added Member To Class: ClassName=Sheet1 Member=Component P1 Header 16X2
Added Member To Class: ClassName=Sheet1 Member=Component P2 Header 16X2
Added Member To Class: ClassName=Sheet1 Member=Component P5.2 Blue_LED
Added Member To Class: ClassName=Sheet1 Member=Component PWR Red_LED
Added Member To Class: ClassName=Sheet1 Member=Component Q1 AO3401
Added Member To Class: ClassName=Sheet1 Member=Component R1 0R
Added Member To Class: ClassName=Sheet1 Member=Component R2 10K
Added Member To Class: ClassName=Sheet1 Member=Component R3 300R
Added Member To Class: ClassName=Sheet1 Member=Component R4 4.7K
Added Member To Class: ClassName=Sheet1 Member=Component R5 4.7K
Added Member To Class: ClassName=Sheet1 Member=Component RST *
Added Member To Class: ClassName=Sheet1 Member=Component TTL Header 4
Added Member To Class: ClassName=Sheet1 Member=Component U1 STC8A8K64S4A12_LQFP64
Added Member To Class: ClassName=Sheet1 Member=Component U2 CH340E
Added Member To Class: ClassName=Sheet1 Member=Component USB USB_TypeC
Added Member To Class: ClassName=Sheet1 Member=Component Y1 24MHz
